#
# There is insufficient memory for the Java Runtime Environment to continue.
# Native memory allocation (malloc) failed to allocate 223216 bytes. Error detail: Chunk::new
# Possible reasons:
#   The system is out of physical RAM or swap space
#   This process is running with CompressedOops enabled, and the Java Heap may be blocking the growth of the native heap
# Possible solutions:
#   Reduce memory load on the system
#   Increase physical memory or swap space
#   Check if swap backing store is full
#   Decrease Java heap size (-Xmx/-Xms)
#   Decrease number of Java threads
#   Decrease Java thread stack sizes (-Xss)
#   Set larger code cache with -XX:ReservedCodeCacheSize=
#   JVM is running with Zero Based Compressed Oops mode in which the Java heap is
#     placed in the first 32GB address space. The Java Heap base address is the
#     maximum limit for the native heap growth. Please use -XX:HeapBaseMinAddress
#     to set the Java Heap base and to place the Java Heap above 32GB virtual address.
# This output file may be truncated or incomplete.
#
#  Out of Memory Error (arena.cpp:150), pid=16976, tid=9340
#
# JRE version: OpenJDK Runtime Environment (22.0.2+9) (build 22.0.2+9-70)
# Java VM: OpenJDK 64-Bit Server VM (22.0.2+9-70, mixed mode, sharing, tiered, compressed oops, compressed class ptrs, g1 gc, windows-amd64)
# No core dump will be written. Minidumps are not enabled by default on client versions of Windows
#

---------------  S U M M A R Y ------------

Command Line: -javaagent:C:\Program Files\JetBrains\IntelliJ IDEA 2023.2\lib\idea_rt.jar=63121:C:\Program Files\JetBrains\IntelliJ IDEA 2023.2\bin -Dfile.encoding=UTF-8 -Dsun.stdout.encoding=UTF-8 -Dsun.stderr.encoding=UTF-8 com.DocSach.Sach.SachApplication

Host: Intel(R) Core(TM) i5-9300H CPU @ 2.40GHz, 8 cores, 15G,  Windows 11 , 64 bit Build 22621 (10.0.22621.4391)
Time: Tue Dec  3 23:18:14 2024 SE Asia Standard Time elapsed time: 217.452188 seconds (0d 0h 3m 37s)

---------------  T H R E A D  ---------------

Current thread (0x000001f47cd589d0):  JavaThread "C2 CompilerThread0" daemon [_thread_in_native, id=9340, stack(0x0000009979e00000,0x0000009979f00000) (1024K)]


Current CompileTask:
C2:217452 18647   !   4       sun.nio.ch.WEPollSelectorImpl::processUpdateQueue (203 bytes)

Stack: [0x0000009979e00000,0x0000009979f00000]
Native frames: (J=compiled Java code, j=interpreted, Vv=VM code, C=native code)
V  [jvm.dll+0x6e26e9]  (no source info available)
V  [jvm.dll+0x875753]  (no source info available)
V  [jvm.dll+0x877b7e]  (no source info available)
V  [jvm.dll+0x878253]  (no source info available)
V  [jvm.dll+0x27fc86]  (no source info available)
V  [jvm.dll+0xc3d0f]  (no source info available)
V  [jvm.dll+0xc3f6b]  (no source info available)
V  [jvm.dll+0x3bb442]  (no source info available)
V  [jvm.dll+0x387d4b]  (no source info available)
V  [jvm.dll+0x3871ba]  (no source info available)
V  [jvm.dll+0x2477f8]  (no source info available)
V  [jvm.dll+0x246e9f]  (no source info available)
V  [jvm.dll+0x1c4e80]  (no source info available)
V  [jvm.dll+0x2568f3]  (no source info available)
V  [jvm.dll+0x254baa]  (no source info available)
V  [jvm.dll+0x3f57a6]  (no source info available)
V  [jvm.dll+0x81dc0b]  (no source info available)
V  [jvm.dll+0x6e0d85]  (no source info available)
C  [ucrtbase.dll+0x29333]  (no source info available)
C  [KERNEL32.DLL+0x1259d]  (no source info available)
C  [ntdll.dll+0x5af38]  (no source info available)


---------------  P R O C E S S  ---------------

Threads class SMR info:
_java_thread_list=0x000001f447c00390, length=35, elements={
0x000001f47cd3f4b0, 0x000001f47cd403d0, 0x000001f47cd46d80, 0x000001f47cd477e0,
0x000001f47cd489e0, 0x000001f47cd51e60, 0x000001f47cd589d0, 0x000001f47cd59d50,
0x000001f47cd141d0, 0x000001f4455c0140, 0x000001f4455f2f80, 0x000001f44610c9a0,
0x000001f44610d6c0, 0x000001f44610a8d0, 0x000001f44610d030, 0x000001f44610b5f0,
0x000001f448b18180, 0x000001f448b17460, 0x000001f448b1a8e0, 0x000001f448b18ea0,
0x000001f448b15a20, 0x000001f448b18810, 0x000001f448b19530, 0x000001f448b19bc0,
0x000001f448b16dd0, 0x000001f448b1af70, 0x000001f448b14d00, 0x000001f448b1b600,
0x000001f448b1c320, 0x000001f448b160b0, 0x000001f448b16740, 0x000001f4452672f0,
0x000001f445267980, 0x000001f44526ced0, 0x000001f445268010
}

Java Threads: ( => current thread )
  0x000001f47cd3f4b0 JavaThread "Reference Handler"          daemon [_thread_blocked, id=6992, stack(0x0000009979800000,0x0000009979900000) (1024K)]
  0x000001f47cd403d0 JavaThread "Finalizer"                  daemon [_thread_blocked, id=8540, stack(0x0000009979900000,0x0000009979a00000) (1024K)]
  0x000001f47cd46d80 JavaThread "Signal Dispatcher"          daemon [_thread_blocked, id=8676, stack(0x0000009979a00000,0x0000009979b00000) (1024K)]
  0x000001f47cd477e0 JavaThread "Attach Listener"            daemon [_thread_blocked, id=14508, stack(0x0000009979b00000,0x0000009979c00000) (1024K)]
  0x000001f47cd489e0 JavaThread "Service Thread"             daemon [_thread_blocked, id=9312, stack(0x0000009979c00000,0x0000009979d00000) (1024K)]
  0x000001f47cd51e60 JavaThread "Monitor Deflation Thread"   daemon [_thread_blocked, id=12840, stack(0x0000009979d00000,0x0000009979e00000) (1024K)]
=>0x000001f47cd589d0 JavaThread "C2 CompilerThread0"         daemon [_thread_in_native, id=9340, stack(0x0000009979e00000,0x0000009979f00000) (1024K)]
  0x000001f47cd59d50 JavaThread "C1 CompilerThread0"         daemon [_thread_blocked, id=3412, stack(0x0000009979f00000,0x000000997a000000) (1024K)]
  0x000001f47cd141d0 JavaThread "Common-Cleaner"             daemon [_thread_blocked, id=10980, stack(0x000000997a000000,0x000000997a100000) (1024K)]
  0x000001f4455c0140 JavaThread "Monitor Ctrl-Break"         daemon [_thread_in_native, id=9796, stack(0x000000997a200000,0x000000997a300000) (1024K)]
  0x000001f4455f2f80 JavaThread "Notification Thread"        daemon [_thread_blocked, id=17956, stack(0x000000997a300000,0x000000997a400000) (1024K)]
  0x000001f44610c9a0 JavaThread "Catalina-utility-1"                [_thread_blocked, id=11024, stack(0x000000997af00000,0x000000997b000000) (1024K)]
  0x000001f44610d6c0 JavaThread "Catalina-utility-2"                [_thread_blocked, id=16264, stack(0x000000997b000000,0x000000997b100000) (1024K)]
  0x000001f44610a8d0 JavaThread "container-0"                       [_thread_blocked, id=11048, stack(0x000000997b100000,0x000000997b200000) (1024K)]
  0x000001f44610d030 JavaThread "mssql-jdbc-shared-timer-core-0" daemon [_thread_blocked, id=7920, stack(0x000000997b300000,0x000000997b400000) (1024K)]
  0x000001f44610b5f0 JavaThread "HikariPool-1 housekeeper"   daemon [_thread_blocked, id=12916, stack(0x000000997b400000,0x000000997b500000) (1024K)]
  0x000001f448b18180 JavaThread "File Watcher"               daemon [_thread_blocked, id=6712, stack(0x000000997b600000,0x000000997b700000) (1024K)]
  0x000001f448b17460 JavaThread "Live Reload Server"         daemon [_thread_in_native, id=2644, stack(0x000000997b800000,0x000000997b900000) (1024K)]
  0x000001f448b1a8e0 JavaThread "http-nio-8080-exec-1"       daemon [_thread_blocked, id=12160, stack(0x000000997b700000,0x000000997b800000) (1024K)]
  0x000001f448b18ea0 JavaThread "http-nio-8080-exec-2"       daemon [_thread_blocked, id=5044, stack(0x000000997b900000,0x000000997ba00000) (1024K)]
  0x000001f448b15a20 JavaThread "http-nio-8080-exec-3"       daemon [_thread_blocked, id=3852, stack(0x000000997ba00000,0x000000997bb00000) (1024K)]
  0x000001f448b18810 JavaThread "http-nio-8080-exec-4"       daemon [_thread_blocked, id=12244, stack(0x000000997bb00000,0x000000997bc00000) (1024K)]
  0x000001f448b19530 JavaThread "http-nio-8080-exec-5"       daemon [_thread_blocked, id=10412, stack(0x000000997bc00000,0x000000997bd00000) (1024K)]
  0x000001f448b19bc0 JavaThread "http-nio-8080-exec-6"       daemon [_thread_in_native, id=7044, stack(0x000000997bd00000,0x000000997be00000) (1024K)]
  0x000001f448b16dd0 JavaThread "http-nio-8080-exec-7"       daemon [_thread_blocked, id=15440, stack(0x000000997be00000,0x000000997bf00000) (1024K)]
  0x000001f448b1af70 JavaThread "http-nio-8080-exec-8"       daemon [_thread_blocked, id=4436, stack(0x000000997bf00000,0x000000997c000000) (1024K)]
  0x000001f448b14d00 JavaThread "http-nio-8080-exec-9"       daemon [_thread_blocked, id=17284, stack(0x000000997c000000,0x000000997c100000) (1024K)]
  0x000001f448b1b600 JavaThread "http-nio-8080-exec-10"      daemon [_thread_blocked, id=12708, stack(0x000000997c100000,0x000000997c200000) (1024K)]
  0x000001f448b1c320 JavaThread "http-nio-8080-Poller"       daemon [_thread_in_native, id=18192, stack(0x000000997c200000,0x000000997c300000) (1024K)]
  0x000001f448b160b0 JavaThread "http-nio-8080-Acceptor"     daemon [_thread_in_native, id=3740, stack(0x000000997c300000,0x000000997c400000) (1024K)]
  0x000001f448b16740 JavaThread "DestroyJavaVM"                     [_thread_blocked, id=3624, stack(0x0000009979000000,0x0000009979100000) (1024K)]
  0x000001f4452672f0 JavaThread "http-nio-8080-exec-11"      daemon [_thread_blocked, id=16232, stack(0x0000009978d00000,0x0000009978e00000) (1024K)]
  0x000001f445267980 JavaThread "http-nio-8080-exec-12"      daemon [_thread_blocked, id=17948, stack(0x0000009978e00000,0x0000009978f00000) (1024K)]
  0x000001f44526ced0 JavaThread "http-nio-8080-exec-13"      daemon [_thread_blocked, id=17572, stack(0x0000009978f00000,0x0000009979000000) (1024K)]
  0x000001f445268010 JavaThread "http-nio-8080-exec-14"      daemon [_thread_blocked, id=288, stack(0x000000997a100000,0x000000997a200000) (1024K)]
Total: 35

Other Threads:
  0x000001f47cd2b790 VMThread "VM Thread"                           [id=8880, stack(0x0000009979700000,0x0000009979800000) (1024K)]
  0x000001f47cd13620 WatcherThread "VM Periodic Task Thread"        [id=17508, stack(0x0000009979600000,0x0000009979700000) (1024K)]
  0x000001f45bde2b50 WorkerThread "GC Thread#0"                     [id=8092, stack(0x0000009979100000,0x0000009979200000) (1024K)]
  0x000001f445ad3c50 WorkerThread "GC Thread#1"                     [id=16368, stack(0x000000997a600000,0x000000997a700000) (1024K)]
  0x000001f445ad4000 WorkerThread "GC Thread#2"                     [id=6672, stack(0x000000997a700000,0x000000997a800000) (1024K)]
  0x000001f445fa86b0 WorkerThread "GC Thread#3"                     [id=13836, stack(0x000000997a800000,0x000000997a900000) (1024K)]
  0x000001f445fa8a60 WorkerThread "GC Thread#4"                     [id=16592, stack(0x000000997a900000,0x000000997aa00000) (1024K)]
  0x000001f445f9f4f0 WorkerThread "GC Thread#5"                     [id=16716, stack(0x000000997aa00000,0x000000997ab00000) (1024K)]
  0x000001f4462718f0 WorkerThread "GC Thread#6"                     [id=10436, stack(0x000000997ac00000,0x000000997ad00000) (1024K)]
  0x000001f44617cd50 WorkerThread "GC Thread#7"                     [id=8320, stack(0x000000997ad00000,0x000000997ae00000) (1024K)]
  0x000001f45bdf3ab0 ConcurrentGCThread "G1 Main Marker"            [id=11288, stack(0x0000009979200000,0x0000009979300000) (1024K)]
  0x000001f45bdf4d60 WorkerThread "G1 Conc#0"                       [id=5400, stack(0x0000009979300000,0x0000009979400000) (1024K)]
  0x000001f44808c2d0 WorkerThread "G1 Conc#1"                       [id=14540, stack(0x000000997ab00000,0x000000997ac00000) (1024K)]
  0x000001f47cbe5a00 ConcurrentGCThread "G1 Refine#0"               [id=8508, stack(0x0000009979400000,0x0000009979500000) (1024K)]
  0x000001f47cbe6390 ConcurrentGCThread "G1 Service"                [id=7804, stack(0x0000009979500000,0x0000009979600000) (1024K)]
Total: 15

Threads with active compile tasks:
C2 CompilerThread0  217567 18647   !   4       sun.nio.ch.WEPollSelectorImpl::processUpdateQueue (203 bytes)
Total: 1

VM state: not at safepoint (normal execution)

VM Mutex/Monitor currently owned by a thread: None

Heap address: 0x0000000702400000, size: 4060 MB, Compressed Oops mode: Zero based, Oop shift amount: 3

CDS archive(s) mapped at: [0x000001f400000000-0x000001f400c60000-0x000001f400c60000), size 12976128, SharedBaseAddress: 0x000001f400000000, ArchiveRelocationMode: 1.
Compressed class space mapped at: 0x000001f401000000-0x000001f441000000, reserved size: 1073741824
Narrow klass base: 0x000001f400000000, Narrow klass shift: 0, Narrow klass range: 0x41000000

GC Precious Log:
 CardTable entry size: 512
 Card Set container configuration: InlinePtr #cards 4 size 8 Array Of Cards #cards 16 size 48 Howl #buckets 8 coarsen threshold 3686 Howl Bitmap #cards 512 size 80 coarsen threshold 460 Card regions per heap region 1 cards per card region 4096
 CPUs: 8 total, 8 available
 Memory: 16236M
 Large Page Support: Disabled
 NUMA Support: Disabled
 Compressed Oops: Enabled (Zero based)
 Heap Region Size: 2M
 Heap Min Capacity: 8M
 Heap Initial Capacity: 254M
 Heap Max Capacity: 4060M
 Pre-touch: Disabled
 Parallel Workers: 8
 Concurrent Workers: 2
 Concurrent Refinement Workers: 8
 Periodic GC: Disabled

Heap:
 garbage-first heap   total reserved 4157440K, committed 96256K, used 53613K [0x0000000702400000, 0x0000000800000000)
  region size 2048K, 9 young (18432K), 1 survivors (2048K)
 Metaspace       used 85294K, committed 86272K, reserved 1179648K
  class space    used 10938K, committed 11392K, reserved 1048576K

Heap Regions: E=young(eden), S=young(survivor), O=old, HS=humongous(starts), HC=humongous(continues), CS=collection set, F=free, TAMS=top-at-mark-start, PB=parsable bottom
|   0|0x0000000702400000, 0x0000000702600000, 0x0000000702600000|100%| O|  |TAMS 0x0000000702400000| PB 0x0000000702400000| Untracked |  0
|   1|0x0000000702600000, 0x0000000702800000, 0x0000000702800000|100%| O|  |TAMS 0x0000000702600000| PB 0x0000000702600000| Untracked |  0
|   2|0x0000000702800000, 0x0000000702a00000, 0x0000000702a00000|100%| O|  |TAMS 0x0000000702800000| PB 0x0000000702800000| Untracked |  0
|   3|0x0000000702a00000, 0x0000000702c00000, 0x0000000702c00000|100%| O|  |TAMS 0x0000000702a00000| PB 0x0000000702a00000| Untracked |  0
|   4|0x0000000702c00000, 0x0000000702c2ce98, 0x0000000702e00000|  8%| O|  |TAMS 0x0000000702c00000| PB 0x0000000702c00000| Untracked |  0
|   5|0x0000000702e00000, 0x0000000703000000, 0x0000000703000000|100%| O|  |TAMS 0x0000000702e00000| PB 0x0000000702e00000| Untracked |  0
|   6|0x0000000703000000, 0x0000000703200000, 0x0000000703200000|100%| O|  |TAMS 0x0000000703000000| PB 0x0000000703000000| Untracked |  0
|   7|0x0000000703200000, 0x0000000703400000, 0x0000000703400000|100%| O|  |TAMS 0x0000000703200000| PB 0x0000000703200000| Untracked |  0
|   8|0x0000000703400000, 0x0000000703600000, 0x0000000703600000|100%| O|  |TAMS 0x0000000703400000| PB 0x0000000703400000| Untracked |  0
|   9|0x0000000703600000, 0x0000000703800000, 0x0000000703800000|100%| O|  |TAMS 0x0000000703600000| PB 0x0000000703600000| Untracked |  0
|  10|0x0000000703800000, 0x0000000703a00000, 0x0000000703a00000|100%| O|  |TAMS 0x0000000703800000| PB 0x0000000703800000| Untracked |  0
|  11|0x0000000703a00000, 0x0000000703c00000, 0x0000000703c00000|100%| O|  |TAMS 0x0000000703a00000| PB 0x0000000703a00000| Untracked |  0
|  12|0x0000000703c00000, 0x0000000703e00000, 0x0000000703e00000|100%| O|  |TAMS 0x0000000703c00000| PB 0x0000000703c00000| Untracked |  0
|  13|0x0000000703e00000, 0x0000000704000000, 0x0000000704000000|100%| O|  |TAMS 0x0000000703e00000| PB 0x0000000703e00000| Untracked |  0
|  14|0x0000000704000000, 0x0000000704200000, 0x0000000704200000|100%| O|  |TAMS 0x0000000704000000| PB 0x0000000704000000| Untracked |  0
|  15|0x0000000704200000, 0x0000000704400000, 0x0000000704400000|100%| O|  |TAMS 0x0000000704200000| PB 0x0000000704200000| Untracked |  0
|  16|0x0000000704400000, 0x0000000704600000, 0x0000000704600000|100%| O|  |TAMS 0x0000000704400000| PB 0x0000000704400000| Untracked |  0
|  17|0x0000000704600000, 0x0000000704800000, 0x0000000704800000|100%| O|  |TAMS 0x0000000704600000| PB 0x0000000704600000| Untracked |  0
|  18|0x0000000704800000, 0x0000000704a00000, 0x0000000704a00000|100%| O|  |TAMS 0x0000000704800000| PB 0x0000000704800000| Untracked |  0
|  19|0x0000000704a00000, 0x0000000704c00000, 0x0000000704c00000|100%| O|  |TAMS 0x0000000704a00000| PB 0x0000000704a00000| Untracked |  0
|  20|0x0000000704c00000, 0x0000000704e00000, 0x0000000704e00000|100%| O|  |TAMS 0x0000000704c00000| PB 0x0000000704c00000| Untracked |  0
|  21|0x0000000704e00000, 0x0000000704e00000, 0x0000000705000000|  0%| F|  |TAMS 0x0000000704e00000| PB 0x0000000704e00000| Untracked |  0
|  22|0x0000000705000000, 0x0000000705000000, 0x0000000705200000|  0%| F|  |TAMS 0x0000000705000000| PB 0x0000000705000000| Untracked |  0
|  23|0x0000000705200000, 0x0000000705200000, 0x0000000705400000|  0%| F|  |TAMS 0x0000000705200000| PB 0x0000000705200000| Untracked |  0
|  24|0x0000000705400000, 0x000000070542e850, 0x0000000705600000|  9%| S|CS|TAMS 0x0000000705400000| PB 0x0000000705400000| Complete |  0
|  25|0x0000000705600000, 0x0000000705600000, 0x0000000705800000|  0%| F|  |TAMS 0x0000000705600000| PB 0x0000000705600000| Untracked |  0
|  26|0x0000000705800000, 0x0000000705800000, 0x0000000705a00000|  0%| F|  |TAMS 0x0000000705800000| PB 0x0000000705800000| Untracked |  0
|  27|0x0000000705a00000, 0x0000000705a00000, 0x0000000705c00000|  0%| F|  |TAMS 0x0000000705a00000| PB 0x0000000705a00000| Untracked |  0
|  28|0x0000000705c00000, 0x0000000705c00000, 0x0000000705e00000|  0%| F|  |TAMS 0x0000000705c00000| PB 0x0000000705c00000| Untracked |  0
|  29|0x0000000705e00000, 0x0000000705e00000, 0x0000000706000000|  0%| F|  |TAMS 0x0000000705e00000| PB 0x0000000705e00000| Untracked |  0
|  30|0x0000000706000000, 0x0000000706000000, 0x0000000706200000|  0%| F|  |TAMS 0x0000000706000000| PB 0x0000000706000000| Untracked |  0
|  31|0x0000000706200000, 0x0000000706200000, 0x0000000706400000|  0%| F|  |TAMS 0x0000000706200000| PB 0x0000000706200000| Untracked |  0
|  32|0x0000000706400000, 0x0000000706400000, 0x0000000706600000|  0%| F|  |TAMS 0x0000000706400000| PB 0x0000000706400000| Untracked |  0
|  33|0x0000000706600000, 0x0000000706600000, 0x0000000706800000|  0%| F|  |TAMS 0x0000000706600000| PB 0x0000000706600000| Untracked |  0
|  34|0x0000000706800000, 0x0000000706800000, 0x0000000706a00000|  0%| F|  |TAMS 0x0000000706800000| PB 0x0000000706800000| Untracked |  0
|  35|0x0000000706a00000, 0x0000000706a00000, 0x0000000706c00000|  0%| F|  |TAMS 0x0000000706a00000| PB 0x0000000706a00000| Untracked |  0
|  36|0x0000000706c00000, 0x0000000706c00000, 0x0000000706e00000|  0%| F|  |TAMS 0x0000000706c00000| PB 0x0000000706c00000| Untracked |  0
|  37|0x0000000706e00000, 0x0000000706e00000, 0x0000000707000000|  0%| F|  |TAMS 0x0000000706e00000| PB 0x0000000706e00000| Untracked |  0
|  38|0x0000000707000000, 0x0000000707000000, 0x0000000707200000|  0%| F|  |TAMS 0x0000000707000000| PB 0x0000000707000000| Untracked |  0
|  39|0x0000000707200000, 0x00000007072ca928, 0x0000000707400000| 39%| E|  |TAMS 0x0000000707200000| PB 0x0000000707200000| Complete |  0
|  40|0x0000000707400000, 0x00000007075f80b0, 0x0000000707600000| 98%| E|  |TAMS 0x0000000707400000| PB 0x0000000707400000| Complete |  0
|  41|0x0000000707600000, 0x0000000707800000, 0x0000000707800000|100%| E|CS|TAMS 0x0000000707600000| PB 0x0000000707600000| Complete |  0
| 101|0x000000070ee00000, 0x000000070f000000, 0x000000070f000000|100%| E|CS|TAMS 0x000000070ee00000| PB 0x000000070ee00000| Complete |  0
| 102|0x000000070f000000, 0x000000070f200000, 0x000000070f200000|100%| E|CS|TAMS 0x000000070f000000| PB 0x000000070f000000| Complete |  0
| 103|0x000000070f200000, 0x000000070f400000, 0x000000070f400000|100%| E|CS|TAMS 0x000000070f200000| PB 0x000000070f200000| Complete |  0
| 104|0x000000070f400000, 0x000000070f600000, 0x000000070f600000|100%| E|CS|TAMS 0x000000070f400000| PB 0x000000070f400000| Complete |  0
| 126|0x0000000712000000, 0x0000000712200000, 0x0000000712200000|100%| E|CS|TAMS 0x0000000712000000| PB 0x0000000712000000| Complete |  0

Card table byte_map: [0x000001f475b10000,0x000001f476300000] _byte_map_base: 0x000001f4722fe000

Marking Bits: (CMBitMap*) 0x000001f45bde3260
 Bits: [0x000001f476300000, 0x000001f47a270000)

Polling page: 0x000001f45be30000

Metaspace:

Usage:
  Non-class:     72.61 MB used.
      Class:     10.68 MB used.
       Both:     83.30 MB used.

Virtual space:
  Non-class space:      128.00 MB reserved,      73.12 MB ( 57%) committed,  2 nodes.
      Class space:        1.00 GB reserved,      11.12 MB (  1%) committed,  1 nodes.
             Both:        1.12 GB reserved,      84.25 MB (  7%) committed. 

Chunk freelists:
   Non-Class:  6.55 MB
       Class:  4.69 MB
        Both:  11.24 MB

MaxMetaspaceSize: unlimited
CompressedClassSpaceSize: 1.00 GB
Initial GC threshold: 21.00 MB
Current GC threshold: 140.25 MB
CDS: on
 - commit_granule_bytes: 65536.
 - commit_granule_words: 8192.
 - virtual_space_node_default_size: 8388608.
 - enlarge_chunks_in_place: 1.
 - use_allocation_guard: 0.


Internal statistics:

num_allocs_failed_limit: 11.
num_arena_births: 1636.
num_arena_deaths: 8.
num_vsnodes_births: 3.
num_vsnodes_deaths: 0.
num_space_committed: 1348.
num_space_uncommitted: 0.
num_chunks_returned_to_freelist: 21.
num_chunks_taken_from_freelist: 5010.
num_chunk_merges: 3.
num_chunk_splits: 3423.
num_chunks_enlarged: 2432.
num_inconsistent_stats: 0.

CodeHeap 'non-profiled nmethods': size=120000Kb used=16396Kb max_used=16440Kb free=103603Kb
 bounds [0x000001f46d390000, 0x000001f46e3a0000, 0x000001f4748c0000]
CodeHeap 'profiled nmethods': size=120000Kb used=19317Kb max_used=26225Kb free=100682Kb
 bounds [0x000001f4658c0000, 0x000001f467270000, 0x000001f46cdf0000]
CodeHeap 'non-nmethods': size=5760Kb used=1792Kb max_used=1953Kb free=3967Kb
 bounds [0x000001f46cdf0000, 0x000001f46d060000, 0x000001f46d390000]
 total_blobs=14325 nmethods=13530 adapters=698
 compilation: enabled
              stopped_count=0, restarted_count=0
 full_count=0

Compilation events (20 events):
Event: 217.154 Thread 0x000001f47cd59d50 nmethod 18641 0x000001f46596e590 code [0x000001f46596e780, 0x000001f46596ed30]
Event: 217.154 Thread 0x000001f47cd59d50 18640       3       org.springframework.boot.ansi.AnsiOutput::isEnabled (46 bytes)
Event: 217.155 Thread 0x000001f47cd59d50 nmethod 18640 0x000001f465e11510 code [0x000001f465e116e0, 0x000001f465e11a60]
Event: 217.155 Thread 0x000001f47cd59d50 18637       3       org.springframework.boot.logging.logback.ColorConverter::transform (10 bytes)
Event: 217.155 Thread 0x000001f47cd59d50 nmethod 18637 0x000001f465d67110 code [0x000001f465d672c0, 0x000001f465d67500]
Event: 217.155 Thread 0x000001f47cd59d50 18638       3       org.springframework.boot.logging.logback.ColorConverter::transform (60 bytes)
Event: 217.156 Thread 0x000001f47cd59d50 nmethod 18638 0x000001f466692210 code [0x000001f466692480, 0x000001f466693330]
Event: 217.156 Thread 0x000001f47cd59d50 18639       3       org.springframework.boot.logging.logback.ColorConverter::toAnsiString (16 bytes)
Event: 217.156 Thread 0x000001f47cd59d50 nmethod 18639 0x000001f465fc3c90 code [0x000001f465fc3ec0, 0x000001f465fc4768]
Event: 217.163 Thread 0x000001f47cd59d50 18642       3       java.lang.RuntimeException::<init> (6 bytes)
Event: 217.163 Thread 0x000001f47cd59d50 nmethod 18642 0x000001f466e5a310 code [0x000001f466e5a4c0, 0x000001f466e5a658]
Event: 217.221 Thread 0x000001f47cd59d50 18643       1       java.lang.Throwable::getMessage (5 bytes)
Event: 217.221 Thread 0x000001f47cd59d50 nmethod 18643 0x000001f46df7fe90 code [0x000001f46df80020, 0x000001f46df800f0]
Event: 217.235 Thread 0x000001f47cd59d50 18644   !   3       org.apache.coyote.http11.Http11Processor::service (1252 bytes)
Event: 217.245 Thread 0x000001f47cd59d50 nmethod 18644 0x000001f4669ec810 code [0x000001f4669ed2e0, 0x000001f4669f5478]
Event: 217.246 Thread 0x000001f47cd589d0 18645       4       java.util.regex.Pattern$CharProperty::match (71 bytes)
Event: 217.251 Thread 0x000001f47cd589d0 nmethod 18645 0x000001f46df7f290 code [0x000001f46df7f480, 0x000001f46df7f950]
Event: 217.324 Thread 0x000001f47cd589d0 18646       4       sun.nio.ch.IOStatus::okayToRetry (22 bytes)
Event: 217.325 Thread 0x000001f47cd589d0 nmethod 18646 0x000001f46dcaf990 code [0x000001f46dcafb00, 0x000001f46dcafbb0]
Event: 217.435 Thread 0x000001f47cd589d0 18647   !   4       sun.nio.ch.WEPollSelectorImpl::processUpdateQueue (203 bytes)

GC Heap History (20 events):
Event: 212.409 GC heap before
{Heap before GC invocations=328 (full 0):
 garbage-first heap   total reserved 4157440K, committed 96256K, used 83011K [0x0000000702400000, 0x0000000800000000)
  region size 2048K, 22 young (45056K), 1 survivors (2048K)
 Metaspace       used 85274K, committed 86208K, reserved 1179648K
  class space    used 10938K, committed 11392K, reserved 1048576K
}
Event: 212.410 GC heap after
{Heap after GC invocations=329 (full 0):
 garbage-first heap   total reserved 4157440K, committed 96256K, used 41836K [0x0000000702400000, 0x0000000800000000)
  region size 2048K, 1 young (2048K), 1 survivors (2048K)
 Metaspace       used 85274K, committed 86208K, reserved 1179648K
  class space    used 10938K, committed 11392K, reserved 1048576K
}
Event: 212.982 GC heap before
{Heap before GC invocations=330 (full 0):
 garbage-first heap   total reserved 4157440K, committed 96256K, used 82796K [0x0000000702400000, 0x0000000800000000)
  region size 2048K, 22 young (45056K), 1 survivors (2048K)
 Metaspace       used 85276K, committed 86208K, reserved 1179648K
  class space    used 10938K, committed 11392K, reserved 1048576K
}
Event: 212.984 GC heap after
{Heap after GC invocations=331 (full 0):
 garbage-first heap   total reserved 4157440K, committed 96256K, used 41262K [0x0000000702400000, 0x0000000800000000)
  region size 2048K, 1 young (2048K), 1 survivors (2048K)
 Metaspace       used 85276K, committed 86208K, reserved 1179648K
  class space    used 10938K, committed 11392K, reserved 1048576K
}
Event: 213.455 GC heap before
{Heap before GC invocations=331 (full 0):
 garbage-first heap   total reserved 4157440K, committed 96256K, used 82222K [0x0000000702400000, 0x0000000800000000)
  region size 2048K, 22 young (45056K), 1 survivors (2048K)
 Metaspace       used 85276K, committed 86208K, reserved 1179648K
  class space    used 10938K, committed 11392K, reserved 1048576K
}
Event: 213.456 GC heap after
{Heap after GC invocations=332 (full 0):
 garbage-first heap   total reserved 4157440K, committed 96256K, used 42937K [0x0000000702400000, 0x0000000800000000)
  region size 2048K, 1 young (2048K), 1 survivors (2048K)
 Metaspace       used 85276K, committed 86208K, reserved 1179648K
  class space    used 10938K, committed 11392K, reserved 1048576K
}
Event: 214.313 GC heap before
{Heap before GC invocations=333 (full 0):
 garbage-first heap   total reserved 4157440K, committed 96256K, used 83897K [0x0000000702400000, 0x0000000800000000)
  region size 2048K, 22 young (45056K), 1 survivors (2048K)
 Metaspace       used 85276K, committed 86208K, reserved 1179648K
  class space    used 10938K, committed 11392K, reserved 1048576K
}
Event: 214.314 GC heap after
{Heap after GC invocations=334 (full 0):
 garbage-first heap   total reserved 4157440K, committed 96256K, used 42955K [0x0000000702400000, 0x0000000800000000)
  region size 2048K, 1 young (2048K), 1 survivors (2048K)
 Metaspace       used 85276K, committed 86208K, reserved 1179648K
  class space    used 10938K, committed 11392K, reserved 1048576K
}
Event: 214.965 GC heap before
{Heap before GC invocations=334 (full 0):
 garbage-first heap   total reserved 4157440K, committed 96256K, used 83915K [0x0000000702400000, 0x0000000800000000)
  region size 2048K, 22 young (45056K), 1 survivors (2048K)
 Metaspace       used 85276K, committed 86208K, reserved 1179648K
  class space    used 10938K, committed 11392K, reserved 1048576K
}
Event: 214.966 GC heap after
{Heap after GC invocations=335 (full 0):
 garbage-first heap   total reserved 4157440K, committed 96256K, used 41570K [0x0000000702400000, 0x0000000800000000)
  region size 2048K, 1 young (2048K), 1 survivors (2048K)
 Metaspace       used 85276K, committed 86208K, reserved 1179648K
  class space    used 10938K, committed 11392K, reserved 1048576K
}
Event: 215.399 GC heap before
{Heap before GC invocations=336 (full 0):
 garbage-first heap   total reserved 4157440K, committed 96256K, used 82530K [0x0000000702400000, 0x0000000800000000)
  region size 2048K, 22 young (45056K), 1 survivors (2048K)
 Metaspace       used 85280K, committed 86272K, reserved 1179648K
  class space    used 10938K, committed 11392K, reserved 1048576K
}
Event: 215.400 GC heap after
{Heap after GC invocations=337 (full 0):
 garbage-first heap   total reserved 4157440K, committed 96256K, used 41360K [0x0000000702400000, 0x0000000800000000)
  region size 2048K, 1 young (2048K), 1 survivors (2048K)
 Metaspace       used 85280K, committed 86272K, reserved 1179648K
  class space    used 10938K, committed 11392K, reserved 1048576K
}
Event: 215.924 GC heap before
{Heap before GC invocations=337 (full 0):
 garbage-first heap   total reserved 4157440K, committed 96256K, used 82320K [0x0000000702400000, 0x0000000800000000)
  region size 2048K, 22 young (45056K), 1 survivors (2048K)
 Metaspace       used 85285K, committed 86272K, reserved 1179648K
  class space    used 10938K, committed 11392K, reserved 1048576K
}
Event: 215.926 GC heap after
{Heap after GC invocations=338 (full 0):
 garbage-first heap   total reserved 4157440K, committed 96256K, used 41265K [0x0000000702400000, 0x0000000800000000)
  region size 2048K, 1 young (2048K), 1 survivors (2048K)
 Metaspace       used 85285K, committed 86272K, reserved 1179648K
  class space    used 10938K, committed 11392K, reserved 1048576K
}
Event: 216.456 GC heap before
{Heap before GC invocations=339 (full 0):
 garbage-first heap   total reserved 4157440K, committed 96256K, used 82225K [0x0000000702400000, 0x0000000800000000)
  region size 2048K, 22 young (45056K), 1 survivors (2048K)
 Metaspace       used 85288K, committed 86272K, reserved 1179648K
  class space    used 10938K, committed 11392K, reserved 1048576K
}
Event: 216.456 GC heap after
{Heap after GC invocations=340 (full 0):
 garbage-first heap   total reserved 4157440K, committed 96256K, used 42129K [0x0000000702400000, 0x0000000800000000)
  region size 2048K, 1 young (2048K), 1 survivors (2048K)
 Metaspace       used 85288K, committed 86272K, reserved 1179648K
  class space    used 10938K, committed 11392K, reserved 1048576K
}
Event: 217.115 GC heap before
{Heap before GC invocations=340 (full 0):
 garbage-first heap   total reserved 4157440K, committed 96256K, used 83089K [0x0000000702400000, 0x0000000800000000)
  region size 2048K, 22 young (45056K), 1 survivors (2048K)
 Metaspace       used 85289K, committed 86272K, reserved 1179648K
  class space    used 10938K, committed 11392K, reserved 1048576K
}
Event: 217.116 GC heap after
{Heap after GC invocations=341 (full 0):
 garbage-first heap   total reserved 4157440K, committed 96256K, used 41571K [0x0000000702400000, 0x0000000800000000)
  region size 2048K, 1 young (2048K), 1 survivors (2048K)
 Metaspace       used 85289K, committed 86272K, reserved 1179648K
  class space    used 10938K, committed 11392K, reserved 1048576K
}
Event: 217.396 GC heap before
{Heap before GC invocations=342 (full 0):
 garbage-first heap   total reserved 4157440K, committed 96256K, used 82531K [0x0000000702400000, 0x0000000800000000)
  region size 2048K, 22 young (45056K), 1 survivors (2048K)
 Metaspace       used 85294K, committed 86272K, reserved 1179648K
  class space    used 10938K, committed 11392K, reserved 1048576K
}
Event: 217.397 GC heap after
{Heap after GC invocations=343 (full 0):
 garbage-first heap   total reserved 4157440K, committed 96256K, used 41325K [0x0000000702400000, 0x0000000800000000)
  region size 2048K, 1 young (2048K), 1 survivors (2048K)
 Metaspace       used 85294K, committed 86272K, reserved 1179648K
  class space    used 10938K, committed 11392K, reserved 1048576K
}

Dll operation events (15 events):
Event: 0.011 Loaded shared library C:\Users\daica\.jdks\openjdk-22.0.2\bin\java.dll
Event: 0.043 Loaded shared library C:\Users\daica\.jdks\openjdk-22.0.2\bin\jsvml.dll
Event: 0.175 Loaded shared library C:\Users\daica\.jdks\openjdk-22.0.2\bin\zip.dll
Event: 0.179 Loaded shared library C:\Users\daica\.jdks\openjdk-22.0.2\bin\instrument.dll
Event: 0.186 Loaded shared library C:\Users\daica\.jdks\openjdk-22.0.2\bin\net.dll
Event: 0.189 Loaded shared library C:\Users\daica\.jdks\openjdk-22.0.2\bin\nio.dll
Event: 0.193 Loaded shared library C:\Users\daica\.jdks\openjdk-22.0.2\bin\zip.dll
Event: 0.324 Loaded shared library C:\Program Files\JetBrains\IntelliJ IDEA 2023.2\bin\breakgen64.dll
Event: 0.336 Loaded shared library C:\Users\daica\.jdks\openjdk-22.0.2\bin\extnet.dll
Event: 0.382 Loaded shared library C:\Users\daica\.jdks\openjdk-22.0.2\bin\jimage.dll
Event: 0.803 Loaded shared library C:\Users\daica\.jdks\openjdk-22.0.2\bin\management.dll
Event: 0.807 Loaded shared library C:\Users\daica\.jdks\openjdk-22.0.2\bin\management_ext.dll
Event: 1.512 Loaded shared library C:\Users\daica\.jdks\openjdk-22.0.2\bin\le.dll
Event: 2.143 Loaded shared library C:\Users\daica\.jdks\openjdk-22.0.2\bin\sunmscapi.dll
Event: 6.929 Loaded shared library C:\Users\daica\.jdks\openjdk-22.0.2\bin\verify.dll

Deoptimization events (20 events):
Event: 207.790 Thread 0x000001f4452672f0 Uncommon trap: trap_request=0xffffff45 fr.pc=0x000001f46e39debc relative=0x00000000000005fc
Event: 207.790 Thread 0x000001f4452672f0 Uncommon trap: reason=unstable_if action=reinterpret pc=0x000001f46e39debc method=java.util.concurrent.ConcurrentLinkedQueue.updateHead(Ljava/util/concurrent/ConcurrentLinkedQueue$Node;Ljava/util/concurrent/ConcurrentLinkedQueue$Node;)V @ 14 c2
Event: 207.790 Thread 0x000001f4452672f0 DEOPT PACKING pc=0x000001f46e39debc sp=0x0000009978dfd320
Event: 207.790 Thread 0x000001f4452672f0 DEOPT UNPACKING pc=0x000001f46ce446a2 sp=0x0000009978dfd260 mode 2
Event: 213.003 Thread 0x000001f448b1b600 Uncommon trap: trap_request=0xffffff45 fr.pc=0x000001f46df7fb6c relative=0x00000000000006ec
Event: 213.003 Thread 0x000001f448b1b600 Uncommon trap: reason=unstable_if action=reinterpret pc=0x000001f46df7fb6c method=sun.nio.ch.WEPollSelectorImpl.wakeup()Ljava/nio/channels/Selector; @ 11 c2
Event: 213.003 Thread 0x000001f448b1b600 DEOPT PACKING pc=0x000001f46df7fb6c sp=0x000000997c1fcf10
Event: 213.003 Thread 0x000001f448b1b600 DEOPT UNPACKING pc=0x000001f46ce446a2 sp=0x000000997c1fce00 mode 2
Event: 214.976 Thread 0x000001f445268010 Uncommon trap: trap_request=0xffffff9d fr.pc=0x000001f46dcaedac relative=0x0000000000000e6c
Event: 214.976 Thread 0x000001f445268010 Uncommon trap: reason=unreached action=reinterpret pc=0x000001f46dcaedac method=sun.nio.ch.NioSocketImpl.implRead([BII)I @ 174 c2
Event: 214.976 Thread 0x000001f445268010 DEOPT PACKING pc=0x000001f46dcaedac sp=0x000000997a1fc140
Event: 214.976 Thread 0x000001f445268010 DEOPT UNPACKING pc=0x000001f46ce446a2 sp=0x000000997a1fc050 mode 2
Event: 217.098 Thread 0x000001f448b18ea0 Uncommon trap: trap_request=0xffffff45 fr.pc=0x000001f46de531f4 relative=0x0000000000002054
Event: 217.098 Thread 0x000001f448b18ea0 Uncommon trap: reason=unstable_if action=reinterpret pc=0x000001f46de531f4 method=org.apache.tomcat.util.net.NioEndpoint$NioSocketWrapper.fillReadBuffer(ZLjava/nio/ByteBuffer;)I @ 210 c2
Event: 217.098 Thread 0x000001f448b18ea0 DEOPT PACKING pc=0x000001f46de531f4 sp=0x000000997b9ff280
Event: 217.098 Thread 0x000001f448b18ea0 DEOPT UNPACKING pc=0x000001f46ce446a2 sp=0x000000997b9ff198 mode 2
Event: 217.098 Thread 0x000001f448b18ea0 Uncommon trap: trap_request=0xffffff9d fr.pc=0x000001f46e0d2a20 relative=0x0000000000002ee0
Event: 217.098 Thread 0x000001f448b18ea0 Uncommon trap: reason=unreached action=reinterpret pc=0x000001f46e0d2a20 method=org.apache.coyote.http11.Http11Processor.service(Lorg/apache/tomcat/util/net/SocketWrapperBase;)Lorg/apache/tomcat/util/net/AbstractEndpoint$Handler$SocketState; @ 248 c2
Event: 217.098 Thread 0x000001f448b18ea0 DEOPT PACKING pc=0x000001f46e0d2a20 sp=0x000000997b9ff400
Event: 217.098 Thread 0x000001f448b18ea0 DEOPT UNPACKING pc=0x000001f46ce446a2 sp=0x000000997b9ff3b0 mode 2

Classes loaded (20 events):
Event: 144.388 Loading class sun/util/resources/LocaleData$CommonResourceBundleProvider
Event: 144.388 Loading class sun/util/resources/LocaleData$LocaleDataResourceBundleProvider
Event: 144.388 Loading class java/util/spi/ResourceBundleProvider
Event: 144.388 Loading class java/util/spi/ResourceBundleProvider done
Event: 144.388 Loading class sun/util/resources/LocaleData$LocaleDataResourceBundleProvider done
Event: 144.388 Loading class sun/util/resources/LocaleData$CommonResourceBundleProvider done
Event: 144.388 Loading class sun/util/resources/Bundles$2
Event: 144.388 Loading class sun/util/resources/Bundles$2 done
Event: 144.392 Loading class java/text/FieldPosition$Delegate
Event: 144.392 Loading class java/text/FieldPosition$Delegate done
Event: 144.395 Loading class jdk/internal/math/FDBigInteger
Event: 144.395 Loading class jdk/internal/math/FDBigInteger done
Event: 172.512 Loading class java/io/PushbackInputStream
Event: 172.512 Loading class java/io/PushbackInputStream done
Event: 172.720 Loading class sun/util/calendar/JulianCalendar
Event: 172.720 Loading class sun/util/calendar/JulianCalendar done
Event: 172.735 Loading class sun/util/calendar/Era
Event: 172.735 Loading class sun/util/calendar/Era done
Event: 172.735 Loading class sun/util/calendar/ImmutableGregorianDate
Event: 172.736 Loading class sun/util/calendar/ImmutableGregorianDate done

Classes unloaded (4 events):
Event: 15.098 Thread 0x000001f47cd2b790 Unloading class 0x000001f401a90800 'java/lang/invoke/LambdaForm$DMH+0x000001f401a90800'
Event: 15.098 Thread 0x000001f47cd2b790 Unloading class 0x000001f401a25800 'java/lang/invoke/LambdaForm$MH+0x000001f401a25800'
Event: 15.098 Thread 0x000001f47cd2b790 Unloading class 0x000001f401a25000 'java/lang/invoke/LambdaForm$MH+0x000001f401a25000'
Event: 15.098 Thread 0x000001f47cd2b790 Unloading class 0x000001f401a24800 'java/lang/invoke/LambdaForm$DMH+0x000001f401a24800'

Classes redefined (0 events):
No events

Internal exceptions (20 events):
Event: 217.326 Thread 0x000001f448b18810 Exception <a 'java/net/SocketException'{0x0000000706b61a18}: Connection reset by peer: shutdown> (0x0000000706b61a18) 
thrown [s\open\src\hotspot\share\prims\jni.cpp, line 539]
Event: 217.333 Thread 0x000001f448b1a8e0 Exception <a 'java/net/SocketException'{0x000000070645bd88}: Connection reset by peer: shutdown> (0x000000070645bd88) 
thrown [s\open\src\hotspot\share\prims\jni.cpp, line 539]
Event: 217.338 Thread 0x000001f445268010 Exception <a 'java/io/IOException'{0x0000000705c72de0}> (0x0000000705c72de0) 
thrown [s\open\src\hotspot\share\prims\jni.cpp, line 520]
Event: 217.345 Thread 0x000001f448b19530 Exception <a 'java/net/SocketException'{0x0000000706113b38}: Connection reset by peer: shutdown> (0x0000000706113b38) 
thrown [s\open\src\hotspot\share\prims\jni.cpp, line 539]
Event: 217.351 Thread 0x000001f44526ced0 Exception <a 'java/net/SocketException'{0x00000007069f09b0}: Connection reset by peer: shutdown> (0x00000007069f09b0) 
thrown [s\open\src\hotspot\share\prims\jni.cpp, line 539]
Event: 217.362 Thread 0x000001f448b1b600 Exception <a 'java/net/SocketException'{0x00000007065e9e60}: Connection reset by peer: shutdown> (0x00000007065e9e60) 
thrown [s\open\src\hotspot\share\prims\jni.cpp, line 539]
Event: 217.369 Thread 0x000001f448b14d00 Exception <a 'java/io/IOException'{0x0000000705b97a90}> (0x0000000705b97a90) 
thrown [s\open\src\hotspot\share\prims\jni.cpp, line 520]
Event: 217.380 Thread 0x000001f445267980 Exception <a 'java/net/SocketException'{0x0000000705f6c1d0}: Connection reset by peer: shutdown> (0x0000000705f6c1d0) 
thrown [s\open\src\hotspot\share\prims\jni.cpp, line 539]
Event: 217.383 Thread 0x000001f448b1a8e0 Exception <a 'java/net/SocketException'{0x000000070645c3f8}: Connection reset by peer: shutdown> (0x000000070645c3f8) 
thrown [s\open\src\hotspot\share\prims\jni.cpp, line 539]
Event: 217.387 Thread 0x000001f448b19530 Exception <a 'java/net/SocketException'{0x00000007061141a8}: Connection reset by peer: shutdown> (0x00000007061141a8) 
thrown [s\open\src\hotspot\share\prims\jni.cpp, line 539]
Event: 217.391 Thread 0x000001f448b15a20 Exception <a 'java/io/IOException'{0x00000007059cf788}> (0x00000007059cf788) 
thrown [s\open\src\hotspot\share\prims\jni.cpp, line 520]
Event: 217.397 Thread 0x000001f448b16dd0 Exception <a 'java/net/SocketException'{0x0000000712021f08}: Connection reset by peer: shutdown> (0x0000000712021f08) 
thrown [s\open\src\hotspot\share\prims\jni.cpp, line 539]
Event: 217.401 Thread 0x000001f448b1b600 Exception <a 'java/net/SocketException'{0x00000007120769a0}: Connection reset by peer: shutdown> (0x00000007120769a0) 
thrown [s\open\src\hotspot\share\prims\jni.cpp, line 539]
Event: 217.409 Thread 0x000001f445267980 Exception <a 'java/net/SocketException'{0x00000007120ddc80}: Connection reset by peer: shutdown> (0x00000007120ddc80) 
thrown [s\open\src\hotspot\share\prims\jni.cpp, line 539]
Event: 217.414 Thread 0x000001f448b1af70 Exception <a 'java/io/IOException'{0x00000007121cf438}> (0x00000007121cf438) 
thrown [s\open\src\hotspot\share\prims\jni.cpp, line 520]
Event: 217.424 Thread 0x000001f445268010 Exception <a 'java/net/SocketException'{0x000000070f4dbed8}: Connection reset by peer: shutdown> (0x000000070f4dbed8) 
thrown [s\open\src\hotspot\share\prims\jni.cpp, line 539]
Event: 217.426 Thread 0x000001f448b19530 Exception <a 'java/net/SocketException'{0x000000070f5203f0}: Connection reset by peer: shutdown> (0x000000070f5203f0) 
thrown [s\open\src\hotspot\share\prims\jni.cpp, line 539]
Event: 217.431 Thread 0x000001f448b16dd0 Exception <a 'java/net/SocketException'{0x0000000712022578}: Connection reset by peer: shutdown> (0x0000000712022578) 
thrown [s\open\src\hotspot\share\prims\jni.cpp, line 539]
Event: 217.435 Thread 0x000001f4452672f0 Exception <a 'java/io/IOException'{0x000000070f25eec8}> (0x000000070f25eec8) 
thrown [s\open\src\hotspot\share\prims\jni.cpp, line 520]
Event: 217.447 Thread 0x000001f448b14d00 Exception <a 'java/net/SocketException'{0x00000007120a0320}: Connection reset by peer: shutdown> (0x00000007120a0320) 
thrown [s\open\src\hotspot\share\prims\jni.cpp, line 539]

ZGC Phase Switch (0 events):
No events

VM Operations (20 events):
Event: 215.041 Executing VM operation: G1PauseCleanup
Event: 215.041 Executing VM operation: G1PauseCleanup done
Event: 215.399 Executing VM operation: G1CollectForAllocation (G1 Evacuation Pause)
Event: 215.400 Executing VM operation: G1CollectForAllocation (G1 Evacuation Pause) done
Event: 215.924 Executing VM operation: G1CollectForAllocation (G1 Evacuation Pause)
Event: 215.926 Executing VM operation: G1CollectForAllocation (G1 Evacuation Pause) done
Event: 215.975 Executing VM operation: G1PauseRemark
Event: 215.981 Executing VM operation: G1PauseRemark done
Event: 216.000 Executing VM operation: G1PauseCleanup
Event: 216.000 Executing VM operation: G1PauseCleanup done
Event: 216.456 Executing VM operation: G1CollectForAllocation (G1 Evacuation Pause)
Event: 216.457 Executing VM operation: G1CollectForAllocation (G1 Evacuation Pause) done
Event: 217.115 Executing VM operation: G1CollectForAllocation (G1 Evacuation Pause)
Event: 217.116 Executing VM operation: G1CollectForAllocation (G1 Evacuation Pause) done
Event: 217.174 Executing VM operation: G1PauseRemark
Event: 217.179 Executing VM operation: G1PauseRemark done
Event: 217.196 Executing VM operation: G1PauseCleanup
Event: 217.196 Executing VM operation: G1PauseCleanup done
Event: 217.396 Executing VM operation: G1CollectForAllocation (G1 Evacuation Pause)
Event: 217.397 Executing VM operation: G1CollectForAllocation (G1 Evacuation Pause) done

Memory protections (0 events):
No events

Nmethod flushes (20 events):
Event: 193.576 Thread 0x000001f47cd2b790 flushing  nmethod 0x000001f46663ec90
Event: 193.576 Thread 0x000001f47cd2b790 flushing  nmethod 0x000001f46673f310
Event: 193.576 Thread 0x000001f47cd2b790 flushing  nmethod 0x000001f466752f10
Event: 195.377 Thread 0x000001f47cd2b790 flushing  nmethod 0x000001f465aa2490
Event: 196.343 Thread 0x000001f47cd2b790 flushing  nmethod 0x000001f466756090
Event: 197.304 Thread 0x000001f47cd2b790 flushing  nmethod 0x000001f4668ad190
Event: 197.304 Thread 0x000001f47cd2b790 flushing  nmethod 0x000001f465df5290
Event: 200.244 Thread 0x000001f47cd2b790 flushing  nmethod 0x000001f46685fb90
Event: 200.244 Thread 0x000001f47cd2b790 flushing  nmethod 0x000001f466abe310
Event: 205.063 Thread 0x000001f47cd2b790 flushing  nmethod 0x000001f46de67990
Event: 206.135 Thread 0x000001f47cd2b790 flushing  nmethod 0x000001f465f4d310
Event: 206.135 Thread 0x000001f47cd2b790 flushing  nmethod 0x000001f46da67d10
Event: 208.513 Thread 0x000001f47cd2b790 flushing  nmethod 0x000001f46dbf1b10
Event: 210.354 Thread 0x000001f47cd2b790 flushing  nmethod 0x000001f4667fc990
Event: 210.354 Thread 0x000001f47cd2b790 flushing  nmethod 0x000001f466d4a690
Event: 210.354 Thread 0x000001f47cd2b790 flushing  nmethod 0x000001f46e39d710
Event: 215.024 Thread 0x000001f47cd2b790 flushing  nmethod 0x000001f46df7f290
Event: 215.981 Thread 0x000001f47cd2b790 flushing  nmethod 0x000001f466ab0d10
Event: 215.981 Thread 0x000001f47cd2b790 flushing  nmethod 0x000001f465a3d390
Event: 217.179 Thread 0x000001f47cd2b790 flushing  nmethod 0x000001f46dcadc90

Events (20 events):
Event: 151.651 Thread 0x000001f47cd589d0 Thread added: 0x000001f44b85c460
Event: 153.113 Thread 0x000001f44b85c460 Thread exited: 0x000001f44b85c460
Event: 154.159 Thread 0x000001f47cd589d0 Thread added: 0x000001f44b85d8d0
Event: 154.797 Thread 0x000001f44b85d8d0 Thread exited: 0x000001f44b85d8d0
Event: 155.088 Thread 0x000001f448b1af70 Thread added: 0x000001f44526d560
Event: 163.230 Thread 0x000001f44526d560 Thread exited: 0x000001f44526d560
Event: 172.162 Thread 0x000001f448b1a8e0 Thread added: 0x000001f445269a50
Event: 172.526 Thread 0x000001f47cd59d50 Thread added: 0x000001f44b859b80
Event: 173.336 Thread 0x000001f44b859b80 Thread exited: 0x000001f44b859b80
Event: 174.077 Thread 0x000001f47cd59d50 Thread added: 0x000001f44b85bd90
Event: 174.971 Thread 0x000001f44b85bd90 Thread exited: 0x000001f44b85bd90
Event: 176.228 Thread 0x000001f47cd589d0 Thread added: 0x000001f44b85dfa0
Event: 176.666 Thread 0x000001f44b85dfa0 Thread exited: 0x000001f44b85dfa0
Event: 177.174 Thread 0x000001f445269a50 Thread exited: 0x000001f445269a50
Event: 177.611 Thread 0x000001f47cd589d0 Thread added: 0x000001f44b85c460
Event: 178.717 Thread 0x000001f44b85c460 Thread exited: 0x000001f44b85c460
Event: 186.078 Thread 0x000001f448b16dd0 Thread added: 0x000001f4452665d0
Event: 191.094 Thread 0x000001f4452665d0 Thread exited: 0x000001f4452665d0
Event: 191.941 Thread 0x000001f448b1af70 Thread added: 0x000001f445268d30
Event: 196.957 Thread 0x000001f445268d30 Thread exited: 0x000001f445268d30


Dynamic libraries:
0x00007ff683b00000 - 0x00007ff683b0e000 	C:\Users\daica\.jdks\openjdk-22.0.2\bin\java.exe
0x00007ff8b1dd0000 - 0x00007ff8b1fe7000 	C:\Windows\SYSTEM32\ntdll.dll
0x00007ff8b1990000 - 0x00007ff8b1a54000 	C:\Windows\System32\KERNEL32.DLL
0x00007ff8af640000 - 0x00007ff8af9f9000 	C:\Windows\System32\KERNELBASE.dll
0x00007ff8af360000 - 0x00007ff8af471000 	C:\Windows\System32\ucrtbase.dll
0x00007ff87c6a0000 - 0x00007ff87c6bb000 	C:\Users\daica\.jdks\openjdk-22.0.2\bin\VCRUNTIME140.dll
0x00007ff8757e0000 - 0x00007ff8757f7000 	C:\Users\daica\.jdks\openjdk-22.0.2\bin\jli.dll
0x00007ff8b11b0000 - 0x00007ff8b135e000 	C:\Windows\System32\USER32.dll
0x00007ff8af480000 - 0x00007ff8af4a6000 	C:\Windows\System32\win32u.dll
0x00007ff899a50000 - 0x00007ff899ce2000 	C:\Windows\WinSxS\amd64_microsoft.windows.common-controls_6595b64144ccf1df_6.0.22621.4391_none_2715d37f73803e96\COMCTL32.dll
0x00007ff8b0030000 - 0x00007ff8b0059000 	C:\Windows\System32\GDI32.dll
0x00007ff8b16f0000 - 0x00007ff8b1797000 	C:\Windows\System32\msvcrt.dll
0x00007ff8af520000 - 0x00007ff8af63b000 	C:\Windows\System32\gdi32full.dll
0x00007ff8af240000 - 0x00007ff8af2da000 	C:\Windows\System32\msvcp_win.dll
0x00007ff8b0220000 - 0x00007ff8b0251000 	C:\Windows\System32\IMM32.DLL
0x00007ff886c30000 - 0x00007ff886c3c000 	C:\Users\daica\.jdks\openjdk-22.0.2\bin\vcruntime140_1.dll
0x00007ff871b30000 - 0x00007ff871bbe000 	C:\Users\daica\.jdks\openjdk-22.0.2\bin\msvcp140.dll
0x00007ff83b970000 - 0x00007ff83c6b9000 	C:\Users\daica\.jdks\openjdk-22.0.2\bin\server\jvm.dll
0x00007ff8afaf0000 - 0x00007ff8afba2000 	C:\Windows\System32\ADVAPI32.dll
0x00007ff8b0060000 - 0x00007ff8b0107000 	C:\Windows\System32\sechost.dll
0x00007ff8afac0000 - 0x00007ff8afae8000 	C:\Windows\System32\bcrypt.dll
0x00007ff8b0d40000 - 0x00007ff8b0e54000 	C:\Windows\System32\RPCRT4.dll
0x00007ff8b18b0000 - 0x00007ff8b1921000 	C:\Windows\System32\WS2_32.dll
0x00007ff8aeb40000 - 0x00007ff8aeb8d000 	C:\Windows\SYSTEM32\POWRPROF.dll
0x00007ff89e260000 - 0x00007ff89e294000 	C:\Windows\SYSTEM32\WINMM.dll
0x00007ff8a9e00000 - 0x00007ff8a9e0a000 	C:\Windows\SYSTEM32\VERSION.dll
0x00007ff8aea00000 - 0x00007ff8aea13000 	C:\Windows\SYSTEM32\UMPDC.dll
0x00007ff8ae0d0000 - 0x00007ff8ae0e8000 	C:\Windows\SYSTEM32\kernel.appcore.dll
0x00007ff886a50000 - 0x00007ff886a5a000 	C:\Users\daica\.jdks\openjdk-22.0.2\bin\jimage.dll
0x00007ff89d580000 - 0x00007ff89d7b2000 	C:\Windows\SYSTEM32\DBGHELP.DLL
0x00007ff8b1360000 - 0x00007ff8b16ef000 	C:\Windows\System32\combase.dll
0x00007ff8b0f60000 - 0x00007ff8b1037000 	C:\Windows\System32\OLEAUT32.dll
0x00007ff886a10000 - 0x00007ff886a42000 	C:\Windows\SYSTEM32\dbgcore.DLL
0x00007ff8af2e0000 - 0x00007ff8af35b000 	C:\Windows\System32\bcryptPrimitives.dll
0x00007ff8a10d0000 - 0x00007ff8a10df000 	C:\Users\daica\.jdks\openjdk-22.0.2\bin\instrument.dll
0x00007ff869f30000 - 0x00007ff869f4e000 	C:\Users\daica\.jdks\openjdk-22.0.2\bin\java.dll
0x00007ff8b02f0000 - 0x00007ff8b0b66000 	C:\Windows\System32\SHELL32.dll
0x00007ff8b0b70000 - 0x00007ff8b0d15000 	C:\Windows\System32\ole32.dll
0x00007ff8acfc0000 - 0x00007ff8ad8c3000 	C:\Windows\SYSTEM32\windows.storage.dll
0x00007ff8ace80000 - 0x00007ff8acfbf000 	C:\Windows\SYSTEM32\wintypes.dll
0x00007ff8b0e60000 - 0x00007ff8b0f59000 	C:\Windows\System32\SHCORE.dll
0x00007ff8b1ca0000 - 0x00007ff8b1cfe000 	C:\Windows\System32\shlwapi.dll
0x00007ff8af000000 - 0x00007ff8af02b000 	C:\Windows\SYSTEM32\profapi.dll
0x00007ff869d20000 - 0x00007ff869df7000 	C:\Users\daica\.jdks\openjdk-22.0.2\bin\jsvml.dll
0x00007ff869ef0000 - 0x00007ff869f07000 	C:\Users\daica\.jdks\openjdk-22.0.2\bin\zip.dll
0x00007ff8867f0000 - 0x00007ff886800000 	C:\Users\daica\.jdks\openjdk-22.0.2\bin\net.dll
0x00007ff8ae540000 - 0x00007ff8ae5a9000 	C:\Windows\system32\mswsock.dll
0x00007ff869f10000 - 0x00007ff869f26000 	C:\Users\daica\.jdks\openjdk-22.0.2\bin\nio.dll
0x00007ff8a10b0000 - 0x00007ff8a10ca000 	C:\Program Files\JetBrains\IntelliJ IDEA 2023.2\bin\breakgen64.dll
0x00007ff885d20000 - 0x00007ff885d29000 	C:\Users\daica\.jdks\openjdk-22.0.2\bin\extnet.dll
0x00007ff8a10a0000 - 0x00007ff8a10aa000 	C:\Users\daica\.jdks\openjdk-22.0.2\bin\management.dll
0x00007ff8a0d00000 - 0x00007ff8a0d0b000 	C:\Users\daica\.jdks\openjdk-22.0.2\bin\management_ext.dll
0x00007ff8b1980000 - 0x00007ff8b1988000 	C:\Windows\System32\PSAPI.DLL
0x00007ff8a0cf0000 - 0x00007ff8a0cfb000 	C:\Users\daica\.jdks\openjdk-22.0.2\bin\le.dll
0x00007ff881fd0000 - 0x00007ff881fde000 	C:\Users\daica\.jdks\openjdk-22.0.2\bin\sunmscapi.dll
0x00007ff8af0d0000 - 0x00007ff8af236000 	C:\Windows\System32\CRYPT32.dll
0x00007ff8aea20000 - 0x00007ff8aea4d000 	C:\Windows\SYSTEM32\ncrypt.dll
0x00007ff8ae9c0000 - 0x00007ff8ae9f7000 	C:\Windows\SYSTEM32\NTASN1.dll
0x00007ff8ae770000 - 0x00007ff8ae78b000 	C:\Windows\SYSTEM32\CRYPTSP.dll
0x00007ff8ae030000 - 0x00007ff8ae065000 	C:\Windows\system32\rsaenh.dll
0x00007ff8ae5f0000 - 0x00007ff8ae618000 	C:\Windows\SYSTEM32\USERENV.dll
0x00007ff8ae790000 - 0x00007ff8ae79c000 	C:\Windows\SYSTEM32\CRYPTBASE.dll
0x00007ff8adb30000 - 0x00007ff8adb5d000 	C:\Windows\SYSTEM32\IPHLPAPI.DLL
0x00007ff8b1040000 - 0x00007ff8b1049000 	C:\Windows\System32\NSI.dll
0x00007ff8a0fa0000 - 0x00007ff8a0fb7000 	C:\Windows\system32\napinsp.dll
0x00007ff8a0f80000 - 0x00007ff8a0f9b000 	C:\Windows\system32\pnrpnsp.dll
0x00007ff8adba0000 - 0x00007ff8adca2000 	C:\Windows\SYSTEM32\DNSAPI.dll
0x00007ff8a0dd0000 - 0x00007ff8a0de1000 	C:\Windows\System32\winrnr.dll
0x00007ff87dc90000 - 0x00007ff87dca5000 	C:\Windows\system32\wshbth.dll
0x00007ff877580000 - 0x00007ff8775a7000 	C:\Windows\system32\nlansp_c.dll
0x00007ff89d4f0000 - 0x00007ff89d4fa000 	C:\Windows\System32\rasadhlp.dll
0x00007ff8a8f90000 - 0x00007ff8a9013000 	C:\Windows\System32\fwpuclnt.dll
0x00007ff882410000 - 0x00007ff882420000 	C:\Users\daica\.jdks\openjdk-22.0.2\bin\verify.dll
0x00007ff8a0350000 - 0x00007ff8a0358000 	C:\Windows\system32\wshunix.dll
0x00007ff85ec80000 - 0x00007ff85eca8000 	C:\Windows\SYSTEM32\apisethost.appexecutionalias.dll
0x00007ff88c920000 - 0x00007ff88ca38000 	C:\Windows\SYSTEM32\daxexec.dll
0x00007ff88c8d0000 - 0x00007ff88c914000 	C:\Windows\SYSTEM32\container.dll
0x00007ff8b1800000 - 0x00007ff8b18b0000 	C:\Windows\System32\clbcatq.dll
0x00007ff88cc00000 - 0x00007ff88cceb000 	C:\Windows\System32\Windows.StateRepositoryPS.dll
0x00007ff88b4c0000 - 0x00007ff88b52d000 	C:\Windows\SYSTEM32\AppXAllUserStore.dll
0x00007ff8a6ed0000 - 0x00007ff8a6f0d000 	C:\Windows\SYSTEM32\windows.staterepositoryclient.dll
0x00007ff8a8360000 - 0x00007ff8a837a000 	C:\Windows\SYSTEM32\windows.staterepositorycore.dll
0x00007ff88afc0000 - 0x00007ff88b020000 	C:\Windows\SYSTEM32\capauthz.dll
0x00007ff8ae1e0000 - 0x00007ff8ae214000 	C:\Windows\SYSTEM32\ntmarta.dll

dbghelp: loaded successfully - version: 4.0.5 - missing functions: none
symbol engine: initialized successfully - sym options: 0x614 - pdb path: .;C:\Users\daica\.jdks\openjdk-22.0.2\bin;C:\Windows\SYSTEM32;C:\Windows\WinSxS\amd64_microsoft.windows.common-controls_6595b64144ccf1df_6.0.22621.4391_none_2715d37f73803e96;C:\Users\daica\.jdks\openjdk-22.0.2\bin\server;C:\Program Files\JetBrains\IntelliJ IDEA 2023.2\bin

VM Arguments:
jvm_args: -javaagent:C:\Program Files\JetBrains\IntelliJ IDEA 2023.2\lib\idea_rt.jar=63121:C:\Program Files\JetBrains\IntelliJ IDEA 2023.2\bin -Dfile.encoding=UTF-8 -Dsun.stdout.encoding=UTF-8 -Dsun.stderr.encoding=UTF-8 
java_command: com.DocSach.Sach.SachApplication
java_class_path (initial): C:\Users\daica\Downloads\TTTN\Sach\target\classes;C:\Users\daica\.m2\repository\org\springframework\boot\spring-boot-starter-data-jpa\3.3.1\spring-boot-starter-data-jpa-3.3.1.jar;C:\Users\daica\.m2\repository\org\springframework\boot\spring-boot-starter-aop\3.3.1\spring-boot-starter-aop-3.3.1.jar;C:\Users\daica\.m2\repository\org\aspectj\aspectjweaver\1.9.22\aspectjweaver-1.9.22.jar;C:\Users\daica\.m2\repository\org\springframework\boot\spring-boot-starter-jdbc\3.3.1\spring-boot-starter-jdbc-3.3.1.jar;C:\Users\daica\.m2\repository\com\zaxxer\HikariCP\5.1.0\HikariCP-5.1.0.jar;C:\Users\daica\.m2\repository\org\springframework\spring-jdbc\6.1.10\spring-jdbc-6.1.10.jar;C:\Users\daica\.m2\repository\org\hibernate\orm\hibernate-core\6.5.2.Final\hibernate-core-6.5.2.Final.jar;C:\Users\daica\.m2\repository\jakarta\transaction\jakarta.transaction-api\2.0.1\jakarta.transaction-api-2.0.1.jar;C:\Users\daica\.m2\repository\org\jboss\logging\jboss-logging\3.5.3.Final\jboss-logging-3.5.3.Final.jar;C:\Users\daica\.m2\repository\org\hibernate\common\hibernate-commons-annotations\6.0.6.Final\hibernate-commons-annotations-6.0.6.Final.jar;C:\Users\daica\.m2\repository\io\smallrye\jandex\3.1.2\jandex-3.1.2.jar;C:\Users\daica\.m2\repository\com\fasterxml\classmate\1.7.0\classmate-1.7.0.jar;C:\Users\daica\.m2\repository\net\bytebuddy\byte-buddy\1.14.17\byte-buddy-1.14.17.jar;C:\Users\daica\.m2\repository\org\glassfish\jaxb\jaxb-runtime\4.0.5\jaxb-runtime-4.0.5.jar;C:\Users\daica\.m2\repository\org\glassfish\jaxb\jaxb-core\4.0.5\jaxb-core-4.0.5.jar;C:\Users\daica\.m2\repository\org\eclipse\angus\angus-activation\2.0.2\angus-activation-2.0.2.jar;C:\Users\daica\.m2\repository\org\glassfish\jaxb\txw2\4.0.5\txw2-4.0.5.jar;C:\Users\daica\.m2\repository\com\sun\istack\istack-commons-runtime\4.1.2\istack-commons-runtime-4.1.2.jar;C:\Users\daica\.m2\repository\jakarta\inject\jakarta.inject-api\2.0.1\jakarta.inject-api-2.0.1.jar;C:\Users\daica\.m2\repository\org\antlr\antlr4-runtime\4.13.0\antlr4-runtime-4.13.0.jar;C:\Users\daica\.m2\repository\org\springframework\data\spring-data-jpa\3.3.1\spring-data-jpa-3.3.1.jar;C:\Users\daica\.m2\repository\org\springframework\data\spring-data-commons\3.3.1\spring-data-commons-3.3.1.jar;C:\Users\daica\.m2\repository\org\springframework\spring-orm\6.1.10\spring-orm-6.1.10.jar;C:\Users\daica\.m2\repository\org\springframework\spring-tx\6.1.10\spring-tx-6.1.10.jar;C:\Users\daica\.m2\repository\jakarta\annotation\jakarta.annotation-api\2.1.1\jakarta.annotation-api-2.1.1.jar;C:\Users\daica\.m2\repository\org\slf4j\slf4j-api\2.0.13\slf4j-api-2.0.13.jar;C:\Users\daica\.m2\repository\org\springframework\spring-aspects\6.1.10\spring-aspects-6.1.10.jar;C:\Users\daica\.m2\repository\org\springframework\boot\spring-boot-starter-web\3.3.1\spring-boot-starter-web-3.3.1.jar;C:\Users\daica\.m2\repository\org\springframework\boot\spring-boot-starter\3.3.1\spring-boot-starter-3.3.1.jar;C:\Users\daica\.m2\repository\org\springframework\boot\spring-boot-starter-logging\3.3.1\spring-boot-starter-logging-3.3.1.jar;C:\Users\daica\.m2\repository\ch\qos\logback\logback-classic\1.5.6\logback-classic-1.5.6.jar;C:\Users\daica\.m2\repository\ch\qos\logback\logback-core\1.5.6\logback-core-1.5.6.jar;C:\Users\daica\.m2\repository\org\apache\logging\log4j\log4j-to-slf4j\2.23.1\log4j-to-slf4j-2.23.1.jar;C:\Users\daica\.m2\repository\org\apache\logging\log4j\log4j-api\2.23.1\log4j-api-2.23.1.jar;C:\Users\daica\.m2\repository\org\slf4j\jul-to-slf4j\2.0.13\jul-to-slf4j-2.0.13.jar;C:\Users\daica\.m2\repository\org\yaml\snakeyaml\2.2\snakeyaml-2.2.jar;C:\Users\daica\.m2\repository\org\springframework\boot\spring-boot-starter-json\3.3.1\spring-boot-starter-json-3.3.1.jar;C:\Users\daica\.m2\repository\com\fasterxml\jackson\datatype\jackson-datatype-jdk8\2.17.1\jackson-datatype-jdk8-2.17.1.jar;C:\Users\daica\.m2\repository\com\fasterxml\jackson\datatype\jackson-datatype-jsr310\2.17.1\jackson-datatype-jsr310-2.17.1.jar;C:\Users\daica\.m2\repository\com\fasterxml\jackson\module\jackson-module-parameter-names\2.17.1\jackson-module-parameter-names-2.17.1.jar;C:\Users\daica\.m2\repository\org\springframework\boot\spring-boot-starter-tomcat\3.3.1\spring-boot-starter-tomcat-3.3.1.jar;C:\Users\daica\.m2\repository\org\apache\tomcat\embed\tomcat-embed-core\10.1.25\tomcat-embed-core-10.1.25.jar;C:\Users\daica\.m2\repository\org\apache\tomcat\embed\tomcat-embed-el\10.1.25\tomcat-embed-el-10.1.25.jar;C:\Users\daica\.m2\repository\org\apache\tomcat\embed\tomcat-embed-websocket\10.1.25\tomcat-embed-websocket-10.1.25.jar;C:\Users\daica\.m2\repository\org\springframework\spring-web\6.1.10\spring-web-6.1.10.jar;C:\Users\daica\.m2\repository\org\springframework\spring-webmvc\6.1.10\spring-webmvc-6.1.10.jar;C:\Users\daica\.m2\repository\org\springframework\boot\spring-boot-devtools\3.3.1\spring-boot-devtools-3.3.1.jar;C:\Users\daica\.m2\repository\org\springframework\boot\spring-boot\3.3.1\spring-boot-3.3.1.jar;C:\Users\daica\.m2\repository\org\springframework\boot\spring-boot-autoconfigure\3.3.1\spring-boot-autoconfigure-3.3.1.jar;C:\Users\daica\.m2\repository\com\microsoft\sqlserver\mssql-jdbc\12.6.2.jre11\mssql-jdbc-12.6.2.jre11.jar;C:\Users\daica\.m2\repository\org\projectlombok\lombok\1.18.32\lombok-1.18.32.jar;C:\Users\daica\.m2\repository\org\springframework\boot\spring-boot-starter-security\3.3.1\spring-boot-starter-security-3.3.1.jar;C:\Users\daica\.m2\repository\org\springframework\spring-aop\6.1.10\spring-aop-6.1.10.jar;C:\Users\daica\.m2\repository\org\springframework\security\spring-security-config\6.3.1\spring-security-config-6.3.1.jar;C:\Users\daica\.m2\repository\org\springframework\security\spring-security-web\6.3.1\spring-security-web-6.3.1.jar;C:\Users\daica\.m2\repository\jakarta\xml\bind\jakarta.xml.bind-api\4.0.2\jakarta.xml.bind-api-4.0.2.jar;C:\Users\daica\.m2\repository\jakarta\activation\jakarta.activation-api\2.1.3\jakarta.activation-api-2.1.3.jar;C:\Users\daica\.m2\repository\org\springframework\spring-core\6.1.10\spring-core-6.1.10.jar;C:\Users\daica\.m2\repository\org\springframework\spring-jcl\6.1.10\spring-jcl-6.1.10.jar;C:\Users\daica\.m2\repository\org\springframework\security\spring-security-core\6.3.0\spring-security-core-6.3.0.jar;C:\Users\daica\.m2\repository\org\springframework\security\spring-security-crypto\6.3.1\spring-security-crypto-6.3.1.jar;C:\Users\daica\.m2\repository\org\springframework\spring-beans\6.1.10\spring-beans-6.1.10.jar;C:\Users\daica\.m2\repository\org\springframework\spring-context\6.1.10\spring-context-6.1.10.jar;C:\Users\daica\.m2\repository\org\springframework\spring-expression\6.1.10\spring-expression-6.1.10.jar;C:\Users\daica\.m2\repository\io\micrometer\micrometer-observation\1.13.1\micrometer-observation-1.13.1.jar;C:\Users\daica\.m2\repository\io\micrometer\micrometer-commons\1.13.1\micrometer-commons-1.13.1.jar;C:\Users\daica\.m2\repository\io\jsonwebtoken\jjwt-api\0.11.5\jjwt-api-0.11.5.jar;C:\Users\daica\.m2\repository\io\jsonwebtoken\jjwt-impl\0.11.5\jjwt-impl-0.11.5.jar;C:\Users\daica\.m2\repository\io\jsonwebtoken\jjwt-jackson\0.11.5\jjwt-jackson-0.11.5.jar;C:\Users\daica\.m2\repository\com\fasterxml\jackson\core\jackson-databind\2.17.1\jackson-databind-2.17.1.jar;C:\Users\daica\.m2\repository\com\fasterxml\jackson\core\jackson-annotations\2.17.1\jackson-annotations-2.17.1.jar;C:\Users\daica\.m2\repository\com\fasterxml\jackson\core\jackson-core\2.17.1\jackson-core-2.17.1.jar;C:\Users\daica\.m2\repository\jakarta\persistence\jakarta.persistence-api\3.1.0\jakarta.persistence-api-3.1.0.jar;C:\Users\daica\.m2\repository\com\opencsv\opencsv\5.6\opencsv-5.6.jar;C:\Users\daica\.m2\repository\org\apache\commons\commons-lang3\3.14.0\commons-lang3-3.14.0.jar;C:\Users\daica\.m2\repository\org\apache\commons\commons-text\1.9\commons-text-1.9.jar;C:\Users\daica\.m2\repository\commons-beanutils\commons-beanutils\1.9.4\commons-beanutils-1.9.4.jar;C:\Users\daica\.m2\repository\commons-logging\commons-logging\1.2\commons-logging-1.2.jar;C:\Users\daica\.m2\repository\commons-collections\commons-collections\3.2.2\commons-collections-3.2.2.jar;C:\Users\daica\.m2\repository\org\apache\commons\commons-collections4\4.4\commons-collections4-4.4.jar
Launcher Type: SUN_STANDARD

[Global flags]
     intx CICompilerCount                          = 4                                         {product} {ergonomic}
     uint ConcGCThreads                            = 2                                         {product} {ergonomic}
     uint G1ConcRefinementThreads                  = 8                                         {product} {ergonomic}
   size_t G1HeapRegionSize                         = 2097152                                   {product} {ergonomic}
   size_t InitialHeapSize                          = 266338304                                 {product} {ergonomic}
   size_t MarkStackSize                            = 4194304                                   {product} {ergonomic}
   size_t MaxHeapSize                              = 4257218560                                {product} {ergonomic}
   size_t MaxNewSize                               = 2554331136                                {product} {ergonomic}
   size_t MinHeapDeltaBytes                        = 2097152                                   {product} {ergonomic}
   size_t MinHeapSize                              = 8388608                                   {product} {ergonomic}
    uintx NonNMethodCodeHeapSize                   = 5839372                                {pd product} {ergonomic}
    uintx NonProfiledCodeHeapSize                  = 122909434                              {pd product} {ergonomic}
    uintx ProfiledCodeHeapSize                     = 122909434                              {pd product} {ergonomic}
    uintx ReservedCodeCacheSize                    = 251658240                              {pd product} {ergonomic}
     bool SegmentedCodeCache                       = true                                      {product} {ergonomic}
   size_t SoftMaxHeapSize                          = 4257218560                             {manageable} {ergonomic}
     bool UseCompressedOops                        = true                           {product lp64_product} {ergonomic}
     bool UseG1GC                                  = true                                      {product} {ergonomic}
     bool UseLargePagesIndividualAllocation        = false                                  {pd product} {ergonomic}

Logging:
Log output configuration:
 #0: stdout all=warning uptime,level,tags foldmultilines=false
 #1: stderr all=off uptime,level,tags foldmultilines=false

Environment Variables:
PATH=C:\Windows\system32;C:\Windows;C:\Windows\System32\Wbem;C:\Windows\System32\WindowsPowerShell\v1.0\;C:\Windows\System32\OpenSSH\;C:\Program Files\dotnet\;C:\Program Files (x86)\Microsoft SQL Server\150\Tools\Binn\;C:\Program Files\Microsoft SQL Server\150\Tools\Binn\;C:\Program Files (x86)\Microsoft SQL Server\150\DTS\Binn\;C:\Program Files\Microsoft SQL Server\150\DTS\Binn\;C:\Program Files\Microsoft SQL Server\Client SDK\ODBC\170\Tools\Binn\;C:\Program Files\Azure Data Studio\bin;C:\Program Files\nodejs\;C:\Users\daica\AppData\Local\Microsoft\WindowsApps;C:\Program Files\JetBrains\PyCharm 2024.1.3\bin;;C:\Program Files\Azure Data Studio\bin;C:\Program Files\JetBrains\IntelliJ IDEA 2023.2\bin;;C:\Program Files\JetBrains\IntelliJ IDEA Community Edition 2024.1.4\bin;;C:\Program Files\Azure Data Studio\bin;C:\Program Files\Azure Data Studio\bin;C:\Users\daica\AppData\Local\Programs\Microsoft VS Code\bin;C:\Users\daica\AppData\Roaming\npm;C:\Users\daica\AppData\Local\GitHubDesktop\bin;C:\Users\daica\AppData\Local\Android\Sdk\platform-tools;
USERNAME=NDP
OS=Windows_NT
PROCESSOR_IDENTIFIER=Intel64 Family 6 Model 158 Stepping 10, GenuineIntel
TMP=C:\Users\daica\AppData\Local\Temp
TEMP=C:\Users\daica\AppData\Local\Temp




Periodic native trim disabled

---------------  S Y S T E M  ---------------

OS:
 Windows 11 , 64 bit Build 22621 (10.0.22621.4391)
OS uptime: 9 days 10:16 hours
Hyper-V role detected

CPU: total 8 (initial active 8) (4 cores per cpu, 2 threads per core) family 6 model 158 stepping 10 microcode 0xde, cx8, cmov, fxsr, ht, mmx, 3dnowpref, sse, sse2, sse3, ssse3, sse4.1, sse4.2, popcnt, lzcnt, tsc, tscinvbit, avx, avx2, aes, erms, clmul, bmi1, bmi2, adx, fma, vzeroupper, clflush, clflushopt, hv, rdtscp, f16c
Processor Information for all 8 processors :
  Max Mhz: 2400, Current Mhz: 2400, Mhz Limit: 2400

Memory: 4k page, system-wide physical 16236M (1519M free)
TotalPageFile size 43256M (AvailPageFile size 4M)
current process WorkingSet (physical memory assigned to process): 333M, peak: 395M
current process commit charge ("private bytes"): 367M, peak: 429M

vm_info: OpenJDK 64-Bit Server VM (22.0.2+9-70) for windows-amd64 JRE (22.0.2+9-70), built on 2024-06-04T16:52:23Z by "mach5one" with MS VC++ 17.6 (VS2022)

END.
